2026-05-15 19:01:00,223 INFO gateway.run: Starting Hermes Gateway...
2026-05-15 19:01:00,224 INFO gateway.run: Session storage: /home/ubuntu/.hermes/profiles/amanin/sessions
2026-05-15 19:01:00,235 INFO gateway.run: Agent budget: max_iterations=90 (agent.max_turns from config.yaml, or HERMES_MAX_ITERATIONS from .env, or default 90)
2026-05-15 19:01:00,236 INFO gateway.run: Secret redaction: ENABLED (tool output, logs, and chat responses are scrubbed before delivery)
2026-05-15 19:01:00,236 INFO gateway.run: Active profile: amanin
2026-05-15 19:01:00,434 INFO gateway.run: Connecting to telegram...
2026-05-15 19:01:00,486 ERROR gateway.platforms.base: [Telegram] Telegram bot token already in use (PID 6325). Stop the other gateway first.
2026-05-15 19:01:00,488 WARNING gateway.run: ✗ telegram failed to connect
2026-05-15 19:01:00,489 INFO gateway.platforms.telegram: [Telegram] Disconnected from Telegram
2026-05-15 19:01:00,491 ERROR gateway.run: Gateway hit a non-retryable startup conflict: telegram: Telegram bot token already in use (PID 6325). Stop the other gateway first.
2026-05-15 19:01:00,493 ERROR gateway.run: Gateway exiting cleanly: telegram: Telegram bot token already in use (PID 6325). Stop the other gateway first.
2026-05-15 19:01:07,418 INFO gateway.run: Starting Hermes Gateway...
2026-05-15 19:01:07,418 INFO gateway.run: Session storage: /home/ubuntu/.hermes/profiles/amanin/sessions
2026-05-15 19:01:07,427 INFO gateway.run: Agent budget: max_iterations=90 (agent.max_turns from config.yaml, or HERMES_MAX_ITERATIONS from .env, or default 90)
2026-05-15 19:01:07,427 INFO gateway.run: Secret redaction: ENABLED (tool output, logs, and chat responses are scrubbed before delivery)
2026-05-15 19:01:07,428 INFO gateway.run: Active profile: amanin
2026-05-15 19:01:07,625 INFO gateway.run: Connecting to telegram...
2026-05-15 19:01:07,637 ERROR gateway.platforms.base: [Telegram] Telegram bot token already in use (PID 6325). Stop the other gateway first.
2026-05-15 19:01:07,639 WARNING gateway.run: ✗ telegram failed to connect
2026-05-15 19:01:07,640 INFO gateway.platforms.telegram: [Telegram] Disconnected from Telegram
2026-05-15 19:01:07,642 ERROR gateway.run: Gateway hit a non-retryable startup conflict: telegram: Telegram bot token already in use (PID 6325). Stop the other gateway first.
2026-05-15 19:01:07,644 ERROR gateway.run: Gateway exiting cleanly: telegram: Telegram bot token already in use (PID 6325). Stop the other gateway first.
2026-05-15 19:01:20,927 INFO gateway.run: Starting Hermes Gateway...
2026-05-15 19:01:20,927 INFO gateway.run: Session storage: /home/ubuntu/.hermes/profiles/amanin/sessions
2026-05-15 19:01:20,936 INFO gateway.run: Agent budget: max_iterations=90 (agent.max_turns from config.yaml, or HERMES_MAX_ITERATIONS from .env, or default 90)
2026-05-15 19:01:20,936 INFO gateway.run: Secret redaction: ENABLED (tool output, logs, and chat responses are scrubbed before delivery)
2026-05-15 19:01:20,937 INFO gateway.run: Active profile: amanin
2026-05-15 19:01:21,124 INFO gateway.run: Connecting to telegram...
2026-05-15 19:01:21,136 ERROR gateway.platforms.base: [Telegram] Telegram bot token already in use (PID 6325). Stop the other gateway first.
2026-05-15 19:01:21,138 WARNING gateway.run: ✗ telegram failed to connect
2026-05-15 19:01:21,139 INFO gateway.platforms.telegram: [Telegram] Disconnected from Telegram
2026-05-15 19:01:21,140 ERROR gateway.run: Gateway hit a non-retryable startup conflict: telegram: Telegram bot token already in use (PID 6325). Stop the other gateway first.
2026-05-15 19:01:21,142 ERROR gateway.run: Gateway exiting cleanly: telegram: Telegram bot token already in use (PID 6325). Stop the other gateway first.
2026-05-15 19:01:48,681 INFO gateway.run: Starting Hermes Gateway...
2026-05-15 19:01:48,681 INFO gateway.run: Session storage: /home/ubuntu/.hermes/profiles/amanin/sessions
2026-05-15 19:01:48,691 INFO gateway.run: Agent budget: max_iterations=90 (agent.max_turns from config.yaml, or HERMES_MAX_ITERATIONS from .env, or default 90)
2026-05-15 19:01:48,692 INFO gateway.run: Secret redaction: ENABLED (tool output, logs, and chat responses are scrubbed before delivery)
2026-05-15 19:01:48,692 INFO gateway.run: Active profile: amanin
2026-05-15 19:01:48,911 INFO gateway.run: Connecting to telegram...
2026-05-15 19:01:48,923 ERROR gateway.platforms.base: [Telegram] Telegram bot token already in use (PID 6325). Stop the other gateway first.
2026-05-15 19:01:48,925 WARNING gateway.run: ✗ telegram failed to connect
2026-05-15 19:01:48,926 INFO gateway.platforms.telegram: [Telegram] Disconnected from Telegram
2026-05-15 19:01:48,928 ERROR gateway.run: Gateway hit a non-retryable startup conflict: telegram: Telegram bot token already in use (PID 6325). Stop the other gateway first.
2026-05-15 19:01:48,930 ERROR gateway.run: Gateway exiting cleanly: telegram: Telegram bot token already in use (PID 6325). Stop the other gateway first.
2026-05-15 19:02:49,242 INFO gateway.run: Starting Hermes Gateway...
2026-05-15 19:02:49,242 INFO gateway.run: Session storage: /home/ubuntu/.hermes/profiles/amanin/sessions
2026-05-15 19:02:49,252 INFO gateway.run: Agent budget: max_iterations=90 (agent.max_turns from config.yaml, or HERMES_MAX_ITERATIONS from .env, or default 90)
2026-05-15 19:02:49,253 INFO gateway.run: Secret redaction: ENABLED (tool output, logs, and chat responses are scrubbed before delivery)
2026-05-15 19:02:49,253 INFO gateway.run: Active profile: amanin
2026-05-15 19:02:49,458 INFO gateway.run: Connecting to telegram...
2026-05-15 19:02:49,470 ERROR gateway.platforms.base: [Telegram] Telegram bot token already in use (PID 6325). Stop the other gateway first.
2026-05-15 19:02:49,472 WARNING gateway.run: ✗ telegram failed to connect
2026-05-15 19:02:49,473 INFO gateway.platforms.telegram: [Telegram] Disconnected from Telegram
2026-05-15 19:02:49,474 ERROR gateway.run: Gateway hit a non-retryable startup conflict: telegram: Telegram bot token already in use (PID 6325). Stop the other gateway first.
2026-05-15 19:02:49,476 ERROR gateway.run: Gateway exiting cleanly: telegram: Telegram bot token already in use (PID 6325). Stop the other gateway first.
2026-05-15 19:05:03,708 INFO gateway.run: Starting Hermes Gateway...
2026-05-15 19:05:03,709 INFO gateway.run: Session storage: /home/ubuntu/.hermes/profiles/amanin/sessions
2026-05-15 19:05:03,718 INFO gateway.run: Agent budget: max_iterations=90 (agent.max_turns from config.yaml, or HERMES_MAX_ITERATIONS from .env, or default 90)
2026-05-15 19:05:03,718 INFO gateway.run: Secret redaction: ENABLED (tool output, logs, and chat responses are scrubbed before delivery)
2026-05-15 19:05:03,719 INFO gateway.run: Active profile: amanin
2026-05-15 19:05:03,941 INFO gateway.run: Connecting to telegram...
2026-05-15 19:05:03,953 ERROR gateway.platforms.base: [Telegram] Telegram bot token already in use (PID 6325). Stop the other gateway first.
2026-05-15 19:05:03,955 WARNING gateway.run: ✗ telegram failed to connect
2026-05-15 19:05:03,955 INFO gateway.platforms.telegram: [Telegram] Disconnected from Telegram
2026-05-15 19:05:03,957 ERROR gateway.run: Gateway hit a non-retryable startup conflict: telegram: Telegram bot token already in use (PID 6325). Stop the other gateway first.
2026-05-15 19:05:03,960 ERROR gateway.run: Gateway exiting cleanly: telegram: Telegram bot token already in use (PID 6325). Stop the other gateway first.
2026-05-15 19:10:05,676 INFO gateway.run: Starting Hermes Gateway...
2026-05-15 19:10:05,677 INFO gateway.run: Session storage: /home/ubuntu/.hermes/profiles/amanin/sessions
2026-05-15 19:10:05,687 INFO gateway.run: Agent budget: max_iterations=90 (agent.max_turns from config.yaml, or HERMES_MAX_ITERATIONS from .env, or default 90)
2026-05-15 19:10:05,687 INFO gateway.run: Secret redaction: ENABLED (tool output, logs, and chat responses are scrubbed before delivery)
2026-05-15 19:10:05,688 INFO gateway.run: Active profile: amanin
2026-05-15 19:10:05,893 INFO gateway.run: Connecting to telegram...
2026-05-15 19:10:05,910 ERROR gateway.platforms.base: [Telegram] Telegram bot token already in use (PID 6325). Stop the other gateway first.
2026-05-15 19:10:05,913 WARNING gateway.run: ✗ telegram failed to connect
2026-05-15 19:10:05,913 INFO gateway.platforms.telegram: [Telegram] Disconnected from Telegram
2026-05-15 19:10:05,915 ERROR gateway.run: Gateway hit a non-retryable startup conflict: telegram: Telegram bot token already in use (PID 6325). Stop the other gateway first.
2026-05-15 19:10:05,917 ERROR gateway.run: Gateway exiting cleanly: telegram: Telegram bot token already in use (PID 6325). Stop the other gateway first.
2026-05-15 19:15:07,643 INFO gateway.run: Starting Hermes Gateway...
2026-05-15 19:15:07,644 INFO gateway.run: Session storage: /home/ubuntu/.hermes/profiles/amanin/sessions
2026-05-15 19:15:07,654 INFO gateway.run: Agent budget: max_iterations=90 (agent.max_turns from config.yaml, or HERMES_MAX_ITERATIONS from .env, or default 90)
2026-05-15 19:15:07,654 INFO gateway.run: Secret redaction: ENABLED (tool output, logs, and chat responses are scrubbed before delivery)
2026-05-15 19:15:07,655 INFO gateway.run: Active profile: amanin
2026-05-15 19:15:07,856 INFO gateway.run: Connecting to telegram...
2026-05-15 19:15:07,869 ERROR gateway.platforms.base: [Telegram] Telegram bot token already in use (PID 6325). Stop the other gateway first.
2026-05-15 19:15:07,871 WARNING gateway.run: ✗ telegram failed to connect
2026-05-15 19:15:07,871 INFO gateway.platforms.telegram: [Telegram] Disconnected from Telegram
2026-05-15 19:15:07,873 ERROR gateway.run: Gateway hit a non-retryable startup conflict: telegram: Telegram bot token already in use (PID 6325). Stop the other gateway first.
2026-05-15 19:15:07,875 ERROR gateway.run: Gateway exiting cleanly: telegram: Telegram bot token already in use (PID 6325). Stop the other gateway first.
2026-05-15 19:20:09,662 INFO gateway.run: Starting Hermes Gateway...
2026-05-15 19:20:09,662 INFO gateway.run: Session storage: /home/ubuntu/.hermes/profiles/amanin/sessions
2026-05-15 19:20:09,673 INFO gateway.run: Agent budget: max_iterations=90 (agent.max_turns from config.yaml, or HERMES_MAX_ITERATIONS from .env, or default 90)
2026-05-15 19:20:09,674 INFO gateway.run: Secret redaction: ENABLED (tool output, logs, and chat responses are scrubbed before delivery)
2026-05-15 19:20:09,674 INFO gateway.run: Active profile: amanin
2026-05-15 19:20:09,873 INFO gateway.run: Connecting to telegram...
2026-05-15 19:20:09,885 ERROR gateway.platforms.base: [Telegram] Telegram bot token already in use (PID 6325). Stop the other gateway first.
2026-05-15 19:20:09,887 WARNING gateway.run: ✗ telegram failed to connect
2026-05-15 19:20:09,888 INFO gateway.platforms.telegram: [Telegram] Disconnected from Telegram
2026-05-15 19:20:09,890 ERROR gateway.run: Gateway hit a non-retryable startup conflict: telegram: Telegram bot token already in use (PID 6325). Stop the other gateway first.
2026-05-15 19:20:09,892 ERROR gateway.run: Gateway exiting cleanly: telegram: Telegram bot token already in use (PID 6325). Stop the other gateway first.
